				________LOG FILE FOR STACK________

stack_create:
	allocated memory for stack
	added log file to stack
	stack_name = stk
	errno = 100
	canary1 = 2557891634
	canary2 = 2882400018
	size = 0

stack_set_size:
	data realloced
	new capacity = 8
	put first canary
	put secong canary
	elements of stack from 0 to 7 are set in poison value
	allocated memory for data in stack
	errno = 0

stack_hash:
	hash = -67804

stack_ok:

stack_hash:
	hash = -67804
	stack_ok: no errors detected
	stack is successfully created


stack_ok:

stack_hash:
	hash = -67804
	stack_ok: no errors detected

stack_push:
	pushed 3.000000 
	size = 1

stack_hash:
	hash = -64902

stack_ok:

stack_hash:
	hash = -64902
	stack_ok: no errors detected

stack_ok:

stack_hash:
	hash = -64902
	stack_ok: no errors detected

stack_pop:
	size = 0
	popped 3.000000 

stack_hash:
	hash = -67804

stack_hash:
	hash = -67804

stack_ok:

stack_hash:
	hash = -67804
	stack_ok: no errors detected

stack_ok:

stack_hash:
	hash = -67804
	stack_ok: no errors detected

stack_push:
	pushed 3.000000 
	size = 1

stack_hash:
	hash = -64902

stack_ok:

stack_hash:
	hash = -64902
	stack_ok: no errors detected

stack_ok:

stack_hash:
	hash = -64902
	stack_ok: no errors detected

stack_push:
	pushed 1.000000 
	size = 2

stack_hash:
	hash = -61007

stack_ok:

stack_hash:
	hash = -61007
	stack_ok: no errors detected

stack_ok:

stack_hash:
	hash = -61007
	stack_ok: no errors detected

stack_pop:
	size = 1
	popped 1.000000 

stack_hash:
	hash = -64902

stack_hash:
	hash = -64902

stack_ok:

stack_hash:
	hash = -64902
	stack_ok: no errors detected

stack_ok:

stack_hash:
	hash = -64902
	stack_ok: no errors detected

stack_pop:
	size = 0
	popped 3.000000 

stack_hash:
	hash = -67804

stack_hash:
	hash = -67804

stack_ok:

stack_hash:
	hash = -67804
	stack_ok: no errors detected

stack_ok:

stack_hash:
	hash = -67804
	stack_ok: no errors detected

stack_push:
	pushed 3.000000 
	size = 1

stack_hash:
	hash = -64902

stack_ok:

stack_hash:
	hash = -64902
	stack_ok: no errors detected

stack_ok:

stack_hash:
	hash = -64902
	stack_ok: no errors detected

stack_push:
	pushed 2.000000 
	size = 2

stack_hash:
	hash = -60632

stack_ok:

stack_hash:
	hash = -60632
	stack_ok: no errors detected

stack_ok:

stack_hash:
	hash = -60632
	stack_ok: no errors detected

stack_push:
	pushed 1.000000 
	size = 3

stack_hash:
	hash = -55393

stack_ok:

stack_hash:
	hash = -55393
	stack_ok: no errors detected

stack_ok:

stack_hash:
	hash = -55393
	stack_ok: no errors detected

stack_pop:
	size = 2
	popped 1.000000 

stack_hash:
	hash = -60632

stack_hash:
	hash = -60632

stack_ok:

stack_hash:
	hash = -60632
	stack_ok: no errors detected

stack_ok:

stack_hash:
	hash = -60632
	stack_ok: no errors detected

stack_pop:
	size = 1
	popped 2.000000 

stack_hash:
	hash = -64902

stack_hash:
	hash = -64902

stack_ok:

stack_hash:
	hash = -64902
	stack_ok: no errors detected

stack_ok:

stack_hash:
	hash = -64902
	stack_ok: no errors detected

stack_push:
	pushed 2.000000 
	size = 2

stack_hash:
	hash = -60632

stack_ok:

stack_hash:
	hash = -60632
	stack_ok: no errors detected

stack_ok:

stack_hash:
	hash = -60632
	stack_ok: no errors detected

stack_push:
	pushed 1.000000 
	size = 3

stack_hash:
	hash = -55393

stack_ok:

stack_hash:
	hash = -55393
	stack_ok: no errors detected

stack_ok:

stack_hash:
	hash = -55393
	stack_ok: no errors detected

stack_push:
	pushed 1.000000 
	size = 4

stack_hash:
	hash = -48810

stack_ok:

stack_hash:
	hash = -48810
	stack_ok: no errors detected

stack_ok:

stack_hash:
	hash = -48810
	stack_ok: no errors detected

stack_pop:
	size = 3
	popped 1.000000 

stack_hash:
	hash = -55393

stack_hash:
	hash = -55393

stack_ok:

stack_hash:
	hash = -55393
	stack_ok: no errors detected

stack_ok:

stack_hash:
	hash = -55393
	stack_ok: no errors detected

stack_pop:
	size = 2
	popped 1.000000 

stack_hash:
	hash = -60632

stack_hash:
	hash = -60632

stack_ok:

stack_hash:
	hash = -60632
	stack_ok: no errors detected

stack_ok:

stack_hash:
	hash = -60632
	stack_ok: no errors detected

stack_push:
	pushed 1.000000 
	size = 3

stack_hash:
	hash = -55393

stack_ok:

stack_hash:
	hash = -55393
	stack_ok: no errors detected

stack_ok:

stack_hash:
	hash = -55393
	stack_ok: no errors detected

stack_pop:
	size = 2
	popped 1.000000 

stack_hash:
	hash = -60632

stack_hash:
	hash = -60632

stack_ok:

stack_hash:
	hash = -60632
	stack_ok: no errors detected

stack_ok:

stack_hash:
	hash = -60632
	stack_ok: no errors detected

stack_pop:
	size = 1
	popped 2.000000 

stack_hash:
	hash = -64902

stack_hash:
	hash = -64902

stack_ok:

stack_hash:
	hash = -64902
	stack_ok: no errors detected

stack_ok:

stack_hash:
	hash = -64902
	stack_ok: no errors detected

stack_push:
	pushed 2.000000 
	size = 2

stack_hash:
	hash = -60632

stack_ok:

stack_hash:
	hash = -60632
	stack_ok: no errors detected

stack_ok:

stack_hash:
	hash = -60632
	stack_ok: no errors detected

stack_pop:
	size = 1
	popped 2.000000 

stack_hash:
	hash = -64902

stack_hash:
	hash = -64902

stack_ok:

stack_hash:
	hash = -64902
	stack_ok: no errors detected

stack_ok:

stack_hash:
	hash = -64902
	stack_ok: no errors detected

stack_pop:
	size = 0
	popped 3.000000 

stack_hash:
	hash = -67804

stack_hash:
	hash = -67804

stack_ok:

stack_hash:
	hash = -67804
	stack_ok: no errors detected

stack_ok:

stack_hash:
	hash = -67804
	stack_ok: no errors detected

stack_push:
	pushed 6.000000 
	size = 1

stack_hash:
	hash = -64678

stack_ok:

stack_hash:
	hash = -64678
	stack_ok: no errors detected

stack_ok:

stack_hash:
	hash = -64678
	stack_ok: no errors detected

stack_pop:
	size = 0
	popped 6.000000 

stack_hash:
	hash = -67804

stack_hash:
	hash = -67804

stack_ok:

stack_hash:
	hash = -67804
	stack_ok: no errors detected

stack_destroy:
