				________LOG FILE FOR STACK________

stack_create:
	allocated memory for stack
	added log file to stack
	stack_name = stk_ret
	errno = 100
	canary1 = 2557891634
	canary2 = 2882400018
	size = 0

stack_set_size:
	data realloced
	new capacity = 8
	put first canary
	put secong canary
	elements of stack from 0 to 7 are set in poison value
	allocated memory for data in stack
	errno = 0

stack_hash:
	hash = -67566

stack_ok:

stack_hash:
	hash = -67566
	stack_ok: no errors detected
	stack is successfully created


stack_ok:

stack_hash:
	hash = -67566
	stack_ok: no errors detected

stack_push:
	pushed 9.000000 
	size = 1

stack_hash:
	hash = -64300

stack_ok:

stack_hash:
	hash = -64300
	stack_ok: no errors detected

stack_ok:

stack_hash:
	hash = -64300
	stack_ok: no errors detected

stack_push:
	pushed 40.000000 
	size = 2

stack_hash:
	hash = -58534

stack_ok:

stack_hash:
	hash = -58534
	stack_ok: no errors detected

stack_ok:

stack_hash:
	hash = -58534
	stack_ok: no errors detected

stack_push:
	pushed 40.000000 
	size = 3

stack_hash:
	hash = -50744

stack_ok:

stack_hash:
	hash = -50744
	stack_ok: no errors detected

stack_ok:

stack_hash:
	hash = -50744
	stack_ok: no errors detected

stack_pop:
	size = 2
	popped 40.000000 

stack_hash:
	hash = -58534

stack_hash:
	hash = -58534

stack_ok:

stack_hash:
	hash = -58534
	stack_ok: no errors detected

stack_ok:

stack_hash:
	hash = -58534
	stack_ok: no errors detected

stack_pop:
	size = 1
	popped 40.000000 

stack_hash:
	hash = -64300

stack_hash:
	hash = -64300

stack_ok:

stack_hash:
	hash = -64300
	stack_ok: no errors detected

stack_ok:

stack_hash:
	hash = -64300
	stack_ok: no errors detected

stack_pop:
	size = 0
	popped 9.000000 

stack_hash:
	hash = -67566

stack_hash:
	hash = -67566

stack_ok:

stack_hash:
	hash = -67566
	stack_ok: no errors detected

stack_destroy:
